<?xml version="1.0" encoding="UTF-8"?>
<!-- Generated by org.testng.reporters.JUnitReportReporter -->
<testsuite skipped="0" hostname="DESKTOP-KFO17RS" name="com.ip.test.ReplaceTestCase" tests="2" failures="0" timestamp="20 Jun 2019 00:01:45 GMT" time="0.024" errors="0">
  <testcase name="test1" time="0.021" classname="com.ip.test.ReplaceTestCase"/>
  <testcase name="test2" time="0.003" classname="com.ip.test.ReplaceTestCase"/>
</testsuite> <!-- com.ip.test.ReplaceTestCase -->
