<?xml version="1.0" encoding="UTF-8"?>
<!-- Generated by org.testng.reporters.JUnitReportReporter -->
<testsuite skipped="0" hostname="DESKTOP-KFO17RS" name="com.ip.test.TestPalindrome" tests="1" failures="0" timestamp="20 Jun 2019 00:24:27 GMT" time="0.017" errors="0">
  <testcase name="test4" time="0.017" classname="com.ip.test.TestPalindrome"/>
</testsuite> <!-- com.ip.test.TestPalindrome -->
