<?xml version="1.0" encoding="UTF-8"?>
<!-- Generated by org.testng.reporters.JUnitReportReporter -->
<testsuite skipped="0" hostname="DESKTOP-KFO17RS" name="com.ip.test.TestFizzBuzz" tests="3" failures="0" timestamp="20 Jun 2019 22:21:42 GMT" time="0.023" errors="0">
  <testcase name="test1" time="0.018" classname="com.ip.test.TestFizzBuzz"/>
  <testcase name="test2" time="0.003" classname="com.ip.test.TestFizzBuzz"/>
  <testcase name="test3" time="0.002" classname="com.ip.test.TestFizzBuzz"/>
</testsuite> <!-- com.ip.test.TestFizzBuzz -->
