<?xml version="1.0" encoding="UTF-8"?>
<!-- Generated by org.testng.reporters.JUnitReportReporter -->
<testsuite skipped="0" hostname="DESKTOP-KFO17RS" name="com.ip.logic.TestNonRepeat" tests="1" failures="0" timestamp="24 Jun 2019 19:59:45 GMT" time="0.023" errors="0">
  <testcase name="test1" time="0.023" classname="com.ip.logic.TestNonRepeat"/>
</testsuite> <!-- com.ip.logic.TestNonRepeat -->
