<?xml version="1.0" encoding="UTF-8"?>
<!-- Generated by org.testng.reporters.JUnitReportReporter -->
<testsuite skipped="0" hostname="DESKTOP-KFO17RS" name="com.ip.test.TestStringMaximumOccurence" tests="2" failures="0" timestamp="21 Jun 2019 16:35:36 GMT" time="0.023" errors="0">
  <testcase name="test1" time="0.019" classname="com.ip.test.TestStringMaximumOccurence"/>
  <testcase name="test2" time="0.004" classname="com.ip.test.TestStringMaximumOccurence"/>
</testsuite> <!-- com.ip.test.TestStringMaximumOccurence -->
