<?xml version="1.0" encoding="UTF-8"?>
<!-- Generated by org.testng.reporters.JUnitReportReporter -->
<testsuite skipped="0" hostname="DESKTOP-KFO17RS" name="com.ip.test.TestCasePalindrome" tests="3" failures="0" timestamp="18 Jun 2019 15:40:37 GMT" time="0.045" errors="0">
  <testcase name="test1" time="0.040" classname="com.ip.test.TestCasePalindrome"/>
  <testcase name="test2" time="0.003" classname="com.ip.test.TestCasePalindrome"/>
  <testcase name="test3" time="0.002" classname="com.ip.test.TestCasePalindrome"/>
</testsuite> <!-- com.ip.test.TestCasePalindrome -->
