<?xml version="1.0" encoding="UTF-8"?>
<!-- Generated by org.testng.reporters.JUnitReportReporter -->
<testsuite skipped="0" hostname="DESKTOP-KFO17RS" name="com.ip.test.TestSecondLarge" tests="1" failures="0" timestamp="13 Jun 2019 16:04:02 GMT" time="0.067" errors="0">
  <testcase name="test1" time="0.067" classname="com.ip.test.TestSecondLarge"/>
</testsuite> <!-- com.ip.test.TestSecondLarge -->
