<?xml version="1.0" encoding="UTF-8"?>
<!-- Generated by org.testng.reporters.JUnitReportReporter -->
<testsuite skipped="0" hostname="DESKTOP-KFO17RS" name="com.ip.test.TestMiss" tests="1" failures="0" timestamp="13 Jun 2019 17:30:39 GMT" time="0.034" errors="0">
  <testcase name="test1" time="0.034" classname="com.ip.test.TestMiss"/>
</testsuite> <!-- com.ip.test.TestMiss -->
