<?xml version="1.0" encoding="UTF-8"?>
<!-- Generated by org.testng.reporters.JUnitReportReporter -->
<testsuite skipped="0" hostname="DESKTOP-KFO17RS" name="com.ip.test.TestCasesPalindromeOne" tests="2" failures="0" timestamp="18 Jun 2019 00:17:16 GMT" time="0.016" errors="0">
  <testcase name="test1" time="0.016" classname="com.ip.test.TestCasesPalindromeOne"/>
  <testcase name="test2" time="0.000" classname="com.ip.test.TestCasesPalindromeOne"/>
</testsuite> <!-- com.ip.test.TestCasesPalindromeOne -->
