<?xml version="1.0" encoding="UTF-8"?>
<!-- Generated by org.testng.reporters.JUnitReportReporter -->
<testsuite skipped="0" hostname="DESKTOP-KFO17RS" name="com.ip.test.TestMissing" tests="1" failures="0" timestamp="13 Jun 2019 16:21:55 GMT" time="0.016" errors="0">
  <testcase name="test1" time="0.016" classname="com.ip.test.TestMissing"/>
</testsuite> <!-- com.ip.test.TestMissing -->
