<?xml version="1.0" encoding="UTF-8"?>
<!-- Generated by org.testng.reporters.JUnitReportReporter -->
<testsuite skipped="0" hostname="DESKTOP-KFO17RS" name="com.wbl.test.ReverseNumberTestCases" tests="2" failures="0" timestamp="06 Jun 2019 22:42:58 GMT" time="0.019" errors="0">
  <testcase name="test1" time="0.016" classname="com.wbl.test.ReverseNumberTestCases"/>
  <testcase name="test2" time="0.003" classname="com.wbl.test.ReverseNumberTestCases"/>
</testsuite> <!-- com.wbl.test.ReverseNumberTestCases -->
