<?xml version="1.0" encoding="UTF-8"?>
<!-- Generated by org.testng.reporters.JUnitReportReporter -->
<testsuite skipped="0" hostname="DESKTOP-KFO17RS" name="com.test.Factorial_Run" tests="1" failures="0" timestamp="06 Jun 2019 16:45:57 GMT" time="0.025" errors="0">
  <testcase name="factorial" time="0.025" classname="com.test.Factorial_Run"/>
</testsuite> <!-- com.test.Factorial_Run -->
