<?xml version="1.0" encoding="UTF-8"?>
<!-- Generated by org.testng.reporters.JUnitReportReporter -->
<testsuite skipped="0" hostname="DESKTOP-KFO17RS" name="com.wbl.test.DuplicatearrayTestcase" tests="1" failures="0" timestamp="07 Jun 2019 00:56:42 GMT" time="0.017" errors="0">
  <testcase name="test1" time="0.017" classname="com.wbl.test.DuplicatearrayTestcase"/>
</testsuite> <!-- com.wbl.test.DuplicatearrayTestcase -->
