<?xml version="1.0" encoding="UTF-8"?>
<!-- Generated by org.testng.reporters.JUnitReportReporter -->
<testsuite skipped="0" hostname="DESKTOP-KFO17RS" name="com.wbl.test.FactorialTestcase" tests="4" failures="0" timestamp="07 Jun 2019 23:42:35 GMT" time="0.053" errors="0">
  <testcase name="test1" time="0.039" classname="com.wbl.test.FactorialTestcase"/>
  <testcase name="test2" time="0.008" classname="com.wbl.test.FactorialTestcase"/>
  <testcase name="test3" time="0.004" classname="com.wbl.test.FactorialTestcase"/>
  <testcase name="test4" time="0.002" classname="com.wbl.test.FactorialTestcase"/>
</testsuite> <!-- com.wbl.test.FactorialTestcase -->
