<?xml version="1.0" encoding="UTF-8"?>
<!-- Generated by org.testng.reporters.JUnitReportReporter -->
<testsuite skipped="0" hostname="DESKTOP-KFO17RS" name="com.wbl.test.DuplicatearrayTestcase$TestCaseRemoveDuplicates" tests="1" failures="0" timestamp="07 Jun 2019 00:59:14 GMT" time="0.015" errors="0">
  <testcase name="test1" time="0.015" classname="com.wbl.test.DuplicatearrayTestcase$TestCaseRemoveDuplicates"/>
</testsuite> <!-- com.wbl.test.DuplicatearrayTestcase$TestCaseRemoveDuplicates -->
