<?xml version="1.0" encoding="UTF-8"?>
<!-- Generated by org.testng.reporters.JUnitReportReporter -->
<testsuite skipped="0" hostname="DESKTOP-KFO17RS" name="com.wbl.test.TestCaseReverseString" tests="4" failures="0" timestamp="07 Jun 2019 23:37:01 GMT" time="0.036" errors="0">
  <testcase name="test1" time="0.028" classname="com.wbl.test.TestCaseReverseString"/>
  <testcase name="test2" time="0.004" classname="com.wbl.test.TestCaseReverseString"/>
  <testcase name="test4" time="0.002" classname="com.wbl.test.TestCaseReverseString"/>
  <testcase name="test3" time="0.002" classname="com.wbl.test.TestCaseReverseString"/>
</testsuite> <!-- com.wbl.test.TestCaseReverseString -->
