<?xml version="1.0" encoding="UTF-8"?>
<!-- Generated by org.testng.reporters.JUnitReportReporter -->
<testsuite skipped="0" hostname="DESKTOP-KFO17RS" name="com.wbl.test.DuplicatearrayTestcase" tests="4" failures="0" timestamp="10 Jun 2019 20:40:44 GMT" time="0.024" errors="0">
  <testcase name="test3" time="0.001" classname="com.wbl.test.DuplicatearrayTestcase"/>
  <testcase name="test1" time="0.020" classname="com.wbl.test.DuplicatearrayTestcase"/>
  <testcase name="test4" time="0.001" classname="com.wbl.test.DuplicatearrayTestcase"/>
  <testcase name="test2" time="0.002" classname="com.wbl.test.DuplicatearrayTestcase"/>
</testsuite> <!-- com.wbl.test.DuplicatearrayTestcase -->
