<?xml version="1.0" encoding="UTF-8"?>
<!-- Generated by org.testng.reporters.JUnitReportReporter -->
<testsuite skipped="0" hostname="DESKTOP-KFO17RS" name="com.test.Swap_Run" tests="1" failures="0" timestamp="06 Jun 2019 15:23:57 GMT" time="0.017" errors="0">
  <testcase name="test1" time="0.017" classname="com.test.Swap_Run"/>
</testsuite> <!-- com.test.Swap_Run -->
