<?xml version="1.0" encoding="UTF-8"?>
<!-- Generated by org.testng.reporters.JUnitReportReporter -->
<testsuite skipped="0" hostname="DESKTOP-KFO17RS" name="com.test.Primenumber_Run" tests="1" failures="0" timestamp="06 Jun 2019 17:08:53 GMT" time="0.016" errors="0">
  <testcase name="test1" time="0.016" classname="com.test.Primenumber_Run"/>
</testsuite> <!-- com.test.Primenumber_Run -->
