<?xml version="1.0" encoding="UTF-8"?>
<!-- Generated by org.testng.reporters.JUnitReportReporter -->
<testsuite skipped="0" hostname="DESKTOP-KFO17RS" name="com.wbl.test.ReverseNumberTestcase" tests="6" failures="0" timestamp="10 Jun 2019 20:22:55 GMT" time="0.055" errors="0">
  <testcase name="test1" time="0.039" classname="com.wbl.test.ReverseNumberTestcase"/>
  <testcase name="test2" time="0.006" classname="com.wbl.test.ReverseNumberTestcase"/>
  <testcase name="test3" time="0.002" classname="com.wbl.test.ReverseNumberTestcase"/>
  <testcase name="test6" time="0.002" classname="com.wbl.test.ReverseNumberTestcase"/>
  <testcase name="test4" time="0.002" classname="com.wbl.test.ReverseNumberTestcase"/>
  <testcase name="test5" time="0.004" classname="com.wbl.test.ReverseNumberTestcase"/>
</testsuite> <!-- com.wbl.test.ReverseNumberTestcase -->
