<?xml version="1.0" encoding="UTF-8"?>
<!-- Generated by org.testng.reporters.JUnitReportReporter -->
<testsuite skipped="0" hostname="DESKTOP-KFO17RS" name="com.test.Reversestring_Run" tests="1" failures="0" timestamp="06 Jun 2019 04:12:37 GMT" time="0.053" errors="0">
  <testcase name="test1" time="0.053" classname="com.test.Reversestring_Run"/>
</testsuite> <!-- com.test.Reversestring_Run -->
