<?xml version="1.0" encoding="UTF-8"?>
<!-- Generated by org.testng.reporters.JUnitReportReporter -->
<testsuite skipped="0" hostname="DESKTOP-KFO17RS" name="com.test.Comparearray_Run" tests="1" failures="0" timestamp="06 Jun 2019 18:39:38 GMT" time="0.033" errors="0">
  <testcase name="test1" time="0.033" classname="com.test.Comparearray_Run"/>
</testsuite> <!-- com.test.Comparearray_Run -->
