<?xml version="1.0" encoding="UTF-8"?>
<!-- Generated by org.testng.reporters.JUnitReportReporter -->
<testsuite skipped="0" hostname="DESKTOP-KFO17RS" name="com.test.Reversenumber_Run" tests="1" failures="0" timestamp="06 Jun 2019 15:00:45 GMT" time="0.018" errors="0">
  <testcase name="test1" time="0.018" classname="com.test.Reversenumber_Run"/>
</testsuite> <!-- com.test.Reversenumber_Run -->
