<?xml version="1.0" encoding="UTF-8"?>
<!-- Generated by org.testng.reporters.JUnitReportReporter -->
<testsuite skipped="0" hostname="DESKTOP-KFO17RS" name="com.wbl.test.FibonaccieTestcase" tests="3" failures="0" timestamp="07 Jun 2019 23:45:12 GMT" time="0.046" errors="0">
  <testcase name="test1" time="0.034" classname="com.wbl.test.FibonaccieTestcase"/>
  <testcase name="test2" time="0.009" classname="com.wbl.test.FibonaccieTestcase"/>
  <testcase name="test3" time="0.003" classname="com.wbl.test.FibonaccieTestcase"/>
</testsuite> <!-- com.wbl.test.FibonaccieTestcase -->
