<?xml version="1.0" encoding="UTF-8"?>
<!-- Generated by org.testng.reporters.JUnitReportReporter -->
<testsuite skipped="0" hostname="DESKTOP-KFO17RS" name="com.wbl.test.DuplicatearrayTestcase$TestCaseRemoveDuplicates" tests="4" failures="0" timestamp="10 Jun 2019 17:21:50 GMT" time="0.061" errors="0">
  <testcase name="test2" time="0.004" classname="com.wbl.test.DuplicatearrayTestcase$TestCaseRemoveDuplicates"/>
  <testcase name="test3" time="0.005" classname="com.wbl.test.DuplicatearrayTestcase$TestCaseRemoveDuplicates"/>
  <testcase name="test4" time="0.000" classname="com.wbl.test.DuplicatearrayTestcase$TestCaseRemoveDuplicates"/>
  <testcase name="test1" time="0.052" classname="com.wbl.test.DuplicatearrayTestcase$TestCaseRemoveDuplicates"/>
</testsuite> <!-- com.wbl.test.DuplicatearrayTestcase$TestCaseRemoveDuplicates -->
