<?xml version="1.0" encoding="UTF-8"?>
<!-- Generated by org.testng.reporters.JUnitReportReporter -->
<testsuite skipped="0" hostname="DESKTOP-KFO17RS" name="com.wbl.test.ArrayTestCases" tests="2" failures="0" timestamp="11 Jun 2019 19:28:39 GMT" time="0.024" errors="0">
  <testcase name="test1" time="0.022" classname="com.wbl.test.ArrayTestCases"/>
  <testcase name="test2" time="0.002" classname="com.wbl.test.ArrayTestCases"/>
</testsuite> <!-- com.wbl.test.ArrayTestCases -->
