<?xml version="1.0" encoding="UTF-8"?>
<!-- Generated by org.testng.reporters.JUnitReportReporter -->
<testsuite skipped="0" hostname="DESKTOP-KFO17RS" name="com.ip.test.TestDuplicate" tests="1" failures="0" timestamp="17 Jun 2019 19:15:14 GMT" time="0.018" errors="0">
  <testcase name="test1" time="0.018" classname="com.ip.test.TestDuplicate"/>
</testsuite> <!-- com.ip.test.TestDuplicate -->
