<?xml version="1.0" encoding="UTF-8"?>
<!-- Generated by org.testng.reporters.JUnitReportReporter -->
<testsuite skipped="0" hostname="DESKTOP-KFO17RS" name="com.ip.test.TestVowels" tests="2" failures="0" timestamp="17 Jun 2019 17:24:03 GMT" time="0.023" errors="0">
  <testcase name="test1" time="0.021" classname="com.ip.test.TestVowels"/>
  <testcase name="test2" time="0.002" classname="com.ip.test.TestVowels"/>
</testsuite> <!-- com.ip.test.TestVowels -->
