<?xml version="1.0" encoding="UTF-8"?>
<!-- Generated by org.testng.reporters.JUnitReportReporter -->
<testsuite skipped="0" hostname="DESKTOP-KFO17RS" name="com.ip.test.TestRenoveDuplicate" tests="1" failures="0" timestamp="21 Jun 2019 18:44:29 GMT" time="0.019" errors="0">
  <testcase name="test" time="0.019" classname="com.ip.test.TestRenoveDuplicate"/>
</testsuite> <!-- com.ip.test.TestRenoveDuplicate -->
