<?xml version="1.0" encoding="UTF-8"?>
<!-- Generated by org.testng.reporters.JUnitReportReporter -->
<testsuite skipped="0" hostname="DESKTOP-KFO17RS" name="com.ip.test.PrimeNumberTest" tests="1" failures="0" timestamp="12 Jun 2019 20:15:20 GMT" time="0.030" errors="0">
  <testcase name="test1" time="0.030" classname="com.ip.test.PrimeNumberTest"/>
</testsuite> <!-- com.ip.test.PrimeNumberTest -->
