<?xml version="1.0" encoding="UTF-8"?>
<!-- Generated by org.testng.reporters.JUnitReportReporter -->
<testsuite skipped="0" hostname="DESKTOP-KFO17RS" name="com.ip.test.TestMinimum" tests="2" failures="0" timestamp="12 Jun 2019 21:42:45 GMT" time="0.031" errors="0">
  <testcase name="test1" time="0.031" classname="com.ip.test.TestMinimum"/>
  <testcase name="test2" time="0.000" classname="com.ip.test.TestMinimum"/>
</testsuite> <!-- com.ip.test.TestMinimum -->
