<?xml version="1.0" encoding="UTF-8"?>
<!-- Generated by org.testng.reporters.JUnitReportReporter -->
<testsuite skipped="0" hostname="DESKTOP-KFO17RS" name="com.ip.test.TestSqaure" tests="1" failures="0" timestamp="12 Jun 2019 19:31:05 GMT" time="0.052" errors="0">
  <testcase name="Test1" time="0.052" classname="com.ip.test.TestSqaure"/>
</testsuite> <!-- com.ip.test.TestSqaure -->
