<?xml version="1.0" encoding="UTF-8"?>
<!-- Generated by org.testng.reporters.JUnitReportReporter -->
<testsuite skipped="0" hostname="DESKTOP-KFO17RS" name="com.ip.test.TestOtherPalindrome" tests="1" failures="0" timestamp="14 Jun 2019 18:24:59 GMT" time="0.020" errors="0">
  <testcase name="test1" time="0.020" classname="com.ip.test.TestOtherPalindrome"/>
</testsuite> <!-- com.ip.test.TestOtherPalindrome -->
