<?xml version="1.0" encoding="UTF-8"?>
<!-- Generated by org.testng.reporters.JUnitReportReporter -->
<testsuite skipped="0" hostname="DESKTOP-KFO17RS" name="com.ip.test.TestCasePalindrome" tests="2" failures="0" timestamp="14 Jun 2019 16:23:00 GMT" time="0.023" errors="0">
  <testcase name="test1" time="0.020" classname="com.ip.test.TestCasePalindrome"/>
  <testcase name="test2" time="0.003" classname="com.ip.test.TestCasePalindrome"/>
</testsuite> <!-- com.ip.test.TestCasePalindrome -->
