<?xml version="1.0" encoding="UTF-8"?>
<!-- Generated by org.testng.reporters.JUnitReportReporter -->
<testsuite skipped="0" hostname="DESKTOP-KFO17RS" name="com.ip.test.TestcaseReverse" tests="1" failures="0" timestamp="14 Jun 2019 15:23:23 GMT" time="0.019" errors="0">
  <testcase name="test1" time="0.019" classname="com.ip.test.TestcaseReverse"/>
</testsuite> <!-- com.ip.test.TestcaseReverse -->
