<?xml version="1.0" encoding="UTF-8"?>
<!-- Generated by org.testng.reporters.JUnitReportReporter -->
<testsuite skipped="0" hostname="DESKTOP-KFO17RS" name="com.ip.test.TestRemoveDuplicate" tests="2" failures="0" timestamp="17 Jun 2019 17:35:01 GMT" time="0.039" errors="0">
  <testcase name="test1" time="0.031" classname="com.ip.test.TestRemoveDuplicate"/>
  <testcase name="test2" time="0.008" classname="com.ip.test.TestRemoveDuplicate"/>
</testsuite> <!-- com.ip.test.TestRemoveDuplicate -->
