<?xml version="1.0" encoding="UTF-8"?>
<!-- Generated by org.testng.reporters.JUnitReportReporter -->
<testsuite skipped="0" hostname="DESKTOP-KFO17RS" name="com.ip.test.TestReverseRecursion" tests="7" failures="0" timestamp="17 Jun 2019 22:27:25 GMT" time="0.035" errors="0">
  <testcase name="test1" time="0.011" classname="com.ip.test.TestReverseRecursion"/>
  <testcase name="test2" time="0.004" classname="com.ip.test.TestReverseRecursion"/>
  <testcase name="test4" time="0.000" classname="com.ip.test.TestReverseRecursion"/>
  <testcase name="test5" time="0.016" classname="com.ip.test.TestReverseRecursion"/>
  <testcase name="test3" time="0.002" classname="com.ip.test.TestReverseRecursion"/>
  <testcase name="test6" time="0.002" classname="com.ip.test.TestReverseRecursion"/>
  <testcase name="test7" time="0.000" classname="com.ip.test.TestReverseRecursion"/>
</testsuite> <!-- com.ip.test.TestReverseRecursion -->
