<?xml version="1.0" encoding="UTF-8"?>
<!-- Generated by org.testng.reporters.JUnitReportReporter -->
<testsuite skipped="0" hostname="DESKTOP-KFO17RS" name="com.ip.test.TestRepeat" tests="1" failures="0" timestamp="13 Jun 2019 21:10:59 GMT" time="0.017" errors="0">
  <testcase name="test3" time="0.017" classname="com.ip.test.TestRepeat"/>
</testsuite> <!-- com.ip.test.TestRepeat -->
